2024-01-20 02:02:30,735 - routes - INFO - Received:
{
    "message": {
        "chat": {
            "first_name": "Алексей",
            "id": 324354843,
            "last_name": "Романовский",
            "type": "private",
            "username": "AlekseyRomanovsky"
        },
        "date": 1705716150,
        "entities": [
            {
                "length": 6,
                "offset": 0,
                "type": "bot_command"
            }
        ],
        "from": {
            "first_name": "Алексей",
            "id": 324354843,
            "is_bot": false,
            "language_code": "ru",
            "last_name": "Романовский",
            "username": "AlekseyRomanovsky"
        },
        "message_id": 13,
        "text": "/start"
    },
    "update_id": 339297864
}
