2024-01-20 02:41:17,720 - Routes - INFO - Received:
{
    "message": {
        "chat": {
            "first_name": "Алексей",
            "id": 324354843,
            "last_name": "Романовский",
            "type": "private",
            "username": "AlekseyRomanovsky"
        },
        "date": 1705718477,
        "entities": [
            {
                "length": 6,
                "offset": 0,
                "type": "bot_command"
            }
        ],
        "from": {
            "first_name": "Алексей",
            "id": 324354843,
            "is_bot": false,
            "language_code": "ru",
            "last_name": "Романовский",
            "username": "AlekseyRomanovsky"
        },
        "message_id": 23,
        "text": "/start"
    },
    "update_id": 339297874
}
2024-01-20 02:58:06,777 - Routes - INFO - Received:
{
    "message": {
        "chat": {
            "first_name": "Алексей",
            "id": 324354843,
            "last_name": "Романовский",
            "type": "private",
            "username": "AlekseyRomanovsky"
        },
        "date": 1705719486,
        "from": {
            "first_name": "Алексей",
            "id": 324354843,
            "is_bot": false,
            "language_code": "ru",
            "last_name": "Романовский",
            "username": "AlekseyRomanovsky"
        },
        "message_id": 24,
        "text": "$50"
    },
    "update_id": 339297875
}
2024-01-20 03:01:31,353 - Routes - INFO - Received:
{
    "message": {
        "chat": {
            "first_name": "Алексей",
            "id": 324354843,
            "last_name": "Романовский",
            "type": "private",
            "username": "AlekseyRomanovsky"
        },
        "date": 1705719691,
        "entities": [
            {
                "length": 6,
                "offset": 0,
                "type": "bot_command"
            }
        ],
        "from": {
            "first_name": "Алексей",
            "id": 324354843,
            "is_bot": false,
            "language_code": "ru",
            "last_name": "Романовский",
            "username": "AlekseyRomanovsky"
        },
        "message_id": 25,
        "text": "/start"
    },
    "update_id": 339297876
}
2024-01-20 03:03:56,240 - Routes - INFO - Received:
{
    "message": {
        "chat": {
            "first_name": "Алексей",
            "id": 324354843,
            "last_name": "Романовский",
            "type": "private",
            "username": "AlekseyRomanovsky"
        },
        "date": 1705719836,
        "entities": [
            {
                "length": 6,
                "offset": 0,
                "type": "bot_command"
            }
        ],
        "from": {
            "first_name": "Алексей",
            "id": 324354843,
            "is_bot": false,
            "language_code": "ru",
            "last_name": "Романовский",
            "username": "AlekseyRomanovsky"
        },
        "message_id": 26,
        "text": "/start"
    },
    "update_id": 339297877
}
2024-01-20 03:04:16,621 - Routes - INFO - Received:
{
    "message": {
        "chat": {
            "first_name": "Алексей",
            "id": 324354843,
            "last_name": "Романовский",
            "type": "private",
            "username": "AlekseyRomanovsky"
        },
        "date": 1705719856,
        "from": {
            "first_name": "Алексей",
            "id": 324354843,
            "is_bot": false,
            "language_code": "ru",
            "last_name": "Романовский",
            "username": "AlekseyRomanovsky"
        },
        "message_id": 27,
        "text": "50"
    },
    "update_id": 339297878
}
2024-01-20 03:07:19,408 - Routes - INFO - Received:
{
    "message": {
        "chat": {
            "first_name": "Алексей",
            "id": 324354843,
            "last_name": "Романовский",
            "type": "private",
            "username": "AlekseyRomanovsky"
        },
        "date": 1705720039,
        "entities": [
            {
                "length": 6,
                "offset": 0,
                "type": "bot_command"
            }
        ],
        "from": {
            "first_name": "Алексей",
            "id": 324354843,
            "is_bot": false,
            "language_code": "ru",
            "last_name": "Романовский",
            "username": "AlekseyRomanovsky"
        },
        "message_id": 28,
        "text": "/start"
    },
    "update_id": 339297879
}
2024-01-20 03:07:29,562 - Routes - INFO - Received:
{
    "message": {
        "chat": {
            "first_name": "Алексей",
            "id": 324354843,
            "last_name": "Романовский",
            "type": "private",
            "username": "AlekseyRomanovsky"
        },
        "date": 1705720049,
        "entities": [
            {
                "length": 6,
                "offset": 0,
                "type": "bot_command"
            }
        ],
        "from": {
            "first_name": "Алексей",
            "id": 324354843,
            "is_bot": false,
            "language_code": "ru",
            "last_name": "Романовский",
            "username": "AlekseyRomanovsky"
        },
        "message_id": 29,
        "text": "/start"
    },
    "update_id": 339297880
}
2024-01-20 03:07:44,283 - Routes - INFO - Received:
{
    "message": {
        "chat": {
            "first_name": "Алексей",
            "id": 324354843,
            "last_name": "Романовский",
            "type": "private",
            "username": "AlekseyRomanovsky"
        },
        "date": 1705720064,
        "from": {
            "first_name": "Алексей",
            "id": 324354843,
            "is_bot": false,
            "language_code": "ru",
            "last_name": "Романовский",
            "username": "AlekseyRomanovsky"
        },
        "message_id": 30,
        "text": "50"
    },
    "update_id": 339297881
}
2024-01-20 03:07:44,422 - Routes - INFO - Received:
{
    "message": {
        "chat": {
            "first_name": "Алексей",
            "id": 324354843,
            "last_name": "Романовский",
            "type": "private",
            "username": "AlekseyRomanovsky"
        },
        "date": 1705720064,
        "from": {
            "first_name": "Алексей",
            "id": 324354843,
            "is_bot": false,
            "language_code": "ru",
            "last_name": "Романовский",
            "username": "AlekseyRomanovsky"
        },
        "message_id": 30,
        "text": "50"
    },
    "update_id": 339297881
}
2024-01-20 03:07:46,537 - Routes - INFO - Received:
{
    "message": {
        "chat": {
            "first_name": "Алексей",
            "id": 324354843,
            "last_name": "Романовский",
            "type": "private",
            "username": "AlekseyRomanovsky"
        },
        "date": 1705720064,
        "from": {
            "first_name": "Алексей",
            "id": 324354843,
            "is_bot": false,
            "language_code": "ru",
            "last_name": "Романовский",
            "username": "AlekseyRomanovsky"
        },
        "message_id": 30,
        "text": "50"
    },
    "update_id": 339297881
}
2024-01-20 03:07:50,740 - Routes - INFO - Received:
{
    "message": {
        "chat": {
            "first_name": "Алексей",
            "id": 324354843,
            "last_name": "Романовский",
            "type": "private",
            "username": "AlekseyRomanovsky"
        },
        "date": 1705720064,
        "from": {
            "first_name": "Алексей",
            "id": 324354843,
            "is_bot": false,
            "language_code": "ru",
            "last_name": "Романовский",
            "username": "AlekseyRomanovsky"
        },
        "message_id": 30,
        "text": "50"
    },
    "update_id": 339297881
}
2024-01-20 03:07:58,925 - Routes - INFO - Received:
{
    "message": {
        "chat": {
            "first_name": "Алексей",
            "id": 324354843,
            "last_name": "Романовский",
            "type": "private",
            "username": "AlekseyRomanovsky"
        },
        "date": 1705720064,
        "from": {
            "first_name": "Алексей",
            "id": 324354843,
            "is_bot": false,
            "language_code": "ru",
            "last_name": "Романовский",
            "username": "AlekseyRomanovsky"
        },
        "message_id": 30,
        "text": "50"
    },
    "update_id": 339297881
}
2024-01-20 03:08:15,120 - Routes - INFO - Received:
{
    "message": {
        "chat": {
            "first_name": "Алексей",
            "id": 324354843,
            "last_name": "Романовский",
            "type": "private",
            "username": "AlekseyRomanovsky"
        },
        "date": 1705720064,
        "from": {
            "first_name": "Алексей",
            "id": 324354843,
            "is_bot": false,
            "language_code": "ru",
            "last_name": "Романовский",
            "username": "AlekseyRomanovsky"
        },
        "message_id": 30,
        "text": "50"
    },
    "update_id": 339297881
}
2024-01-20 03:08:47,271 - Routes - INFO - Received:
{
    "message": {
        "chat": {
            "first_name": "Алексей",
            "id": 324354843,
            "last_name": "Романовский",
            "type": "private",
            "username": "AlekseyRomanovsky"
        },
        "date": 1705720064,
        "from": {
            "first_name": "Алексей",
            "id": 324354843,
            "is_bot": false,
            "language_code": "ru",
            "last_name": "Романовский",
            "username": "AlekseyRomanovsky"
        },
        "message_id": 30,
        "text": "50"
    },
    "update_id": 339297881
}
2024-01-20 03:09:18,188 - Routes - INFO - Received:
{
    "message": {
        "chat": {
            "first_name": "Алексей",
            "id": 324354843,
            "last_name": "Романовский",
            "type": "private",
            "username": "AlekseyRomanovsky"
        },
        "date": 1705720064,
        "from": {
            "first_name": "Алексей",
            "id": 324354843,
            "is_bot": false,
            "language_code": "ru",
            "last_name": "Романовский",
            "username": "AlekseyRomanovsky"
        },
        "message_id": 30,
        "text": "50"
    },
    "update_id": 339297881
}
2024-01-20 03:09:18,289 - Routes - INFO - Received:
{
    "message": {
        "chat": {
            "first_name": "Алексей",
            "id": 324354843,
            "last_name": "Романовский",
            "type": "private",
            "username": "AlekseyRomanovsky"
        },
        "date": 1705720064,
        "from": {
            "first_name": "Алексей",
            "id": 324354843,
            "is_bot": false,
            "language_code": "ru",
            "last_name": "Романовский",
            "username": "AlekseyRomanovsky"
        },
        "message_id": 30,
        "text": "50"
    },
    "update_id": 339297881
}
2024-01-20 03:09:20,435 - Routes - INFO - Received:
{
    "message": {
        "chat": {
            "first_name": "Алексей",
            "id": 324354843,
            "last_name": "Романовский",
            "type": "private",
            "username": "AlekseyRomanovsky"
        },
        "date": 1705720064,
        "from": {
            "first_name": "Алексей",
            "id": 324354843,
            "is_bot": false,
            "language_code": "ru",
            "last_name": "Романовский",
            "username": "AlekseyRomanovsky"
        },
        "message_id": 30,
        "text": "50"
    },
    "update_id": 339297881
}
2024-01-20 03:09:24,564 - Routes - INFO - Received:
{
    "message": {
        "chat": {
            "first_name": "Алексей",
            "id": 324354843,
            "last_name": "Романовский",
            "type": "private",
            "username": "AlekseyRomanovsky"
        },
        "date": 1705720064,
        "from": {
            "first_name": "Алексей",
            "id": 324354843,
            "is_bot": false,
            "language_code": "ru",
            "last_name": "Романовский",
            "username": "AlekseyRomanovsky"
        },
        "message_id": 30,
        "text": "50"
    },
    "update_id": 339297881
}
2024-01-20 03:09:32,742 - Routes - INFO - Received:
{
    "message": {
        "chat": {
            "first_name": "Алексей",
            "id": 324354843,
            "last_name": "Романовский",
            "type": "private",
            "username": "AlekseyRomanovsky"
        },
        "date": 1705720064,
        "from": {
            "first_name": "Алексей",
            "id": 324354843,
            "is_bot": false,
            "language_code": "ru",
            "last_name": "Романовский",
            "username": "AlekseyRomanovsky"
        },
        "message_id": 30,
        "text": "50"
    },
    "update_id": 339297881
}
2024-01-20 03:09:48,906 - Routes - INFO - Received:
{
    "message": {
        "chat": {
            "first_name": "Алексей",
            "id": 324354843,
            "last_name": "Романовский",
            "type": "private",
            "username": "AlekseyRomanovsky"
        },
        "date": 1705720064,
        "from": {
            "first_name": "Алексей",
            "id": 324354843,
            "is_bot": false,
            "language_code": "ru",
            "last_name": "Романовский",
            "username": "AlekseyRomanovsky"
        },
        "message_id": 30,
        "text": "50"
    },
    "update_id": 339297881
}
2024-01-20 03:10:21,058 - Routes - INFO - Received:
{
    "message": {
        "chat": {
            "first_name": "Алексей",
            "id": 324354843,
            "last_name": "Романовский",
            "type": "private",
            "username": "AlekseyRomanovsky"
        },
        "date": 1705720064,
        "from": {
            "first_name": "Алексей",
            "id": 324354843,
            "is_bot": false,
            "language_code": "ru",
            "last_name": "Романовский",
            "username": "AlekseyRomanovsky"
        },
        "message_id": 30,
        "text": "50"
    },
    "update_id": 339297881
}
2024-01-20 03:10:48,174 - Routes - INFO - Received:
{
    "message": {
        "chat": {
            "first_name": "Алексей",
            "id": 324354843,
            "last_name": "Романовский",
            "type": "private",
            "username": "AlekseyRomanovsky"
        },
        "date": 1705720064,
        "from": {
            "first_name": "Алексей",
            "id": 324354843,
            "is_bot": false,
            "language_code": "ru",
            "last_name": "Романовский",
            "username": "AlekseyRomanovsky"
        },
        "message_id": 30,
        "text": "50"
    },
    "update_id": 339297881
}
2024-01-20 03:10:48,273 - Routes - INFO - Received:
{
    "message": {
        "chat": {
            "first_name": "Алексей",
            "id": 324354843,
            "last_name": "Романовский",
            "type": "private",
            "username": "AlekseyRomanovsky"
        },
        "date": 1705720064,
        "from": {
            "first_name": "Алексей",
            "id": 324354843,
            "is_bot": false,
            "language_code": "ru",
            "last_name": "Романовский",
            "username": "AlekseyRomanovsky"
        },
        "message_id": 30,
        "text": "50"
    },
    "update_id": 339297881
}
2024-01-20 03:10:50,449 - Routes - INFO - Received:
{
    "message": {
        "chat": {
            "first_name": "Алексей",
            "id": 324354843,
            "last_name": "Романовский",
            "type": "private",
            "username": "AlekseyRomanovsky"
        },
        "date": 1705720064,
        "from": {
            "first_name": "Алексей",
            "id": 324354843,
            "is_bot": false,
            "language_code": "ru",
            "last_name": "Романовский",
            "username": "AlekseyRomanovsky"
        },
        "message_id": 30,
        "text": "50"
    },
    "update_id": 339297881
}
2024-01-20 03:10:54,583 - Routes - INFO - Received:
{
    "message": {
        "chat": {
            "first_name": "Алексей",
            "id": 324354843,
            "last_name": "Романовский",
            "type": "private",
            "username": "AlekseyRomanovsky"
        },
        "date": 1705720064,
        "from": {
            "first_name": "Алексей",
            "id": 324354843,
            "is_bot": false,
            "language_code": "ru",
            "last_name": "Романовский",
            "username": "AlekseyRomanovsky"
        },
        "message_id": 30,
        "text": "50"
    },
    "update_id": 339297881
}
2024-01-20 03:11:02,739 - Routes - INFO - Received:
{
    "message": {
        "chat": {
            "first_name": "Алексей",
            "id": 324354843,
            "last_name": "Романовский",
            "type": "private",
            "username": "AlekseyRomanovsky"
        },
        "date": 1705720064,
        "from": {
            "first_name": "Алексей",
            "id": 324354843,
            "is_bot": false,
            "language_code": "ru",
            "last_name": "Романовский",
            "username": "AlekseyRomanovsky"
        },
        "message_id": 30,
        "text": "50"
    },
    "update_id": 339297881
}
2024-01-20 03:11:18,923 - Routes - INFO - Received:
{
    "message": {
        "chat": {
            "first_name": "Алексей",
            "id": 324354843,
            "last_name": "Романовский",
            "type": "private",
            "username": "AlekseyRomanovsky"
        },
        "date": 1705720064,
        "from": {
            "first_name": "Алексей",
            "id": 324354843,
            "is_bot": false,
            "language_code": "ru",
            "last_name": "Романовский",
            "username": "AlekseyRomanovsky"
        },
        "message_id": 30,
        "text": "50"
    },
    "update_id": 339297881
}
2024-01-20 03:11:38,888 - Routes - INFO - Received:
{
    "message": {
        "chat": {
            "first_name": "Алексей",
            "id": 324354843,
            "last_name": "Романовский",
            "type": "private",
            "username": "AlekseyRomanovsky"
        },
        "date": 1705720064,
        "from": {
            "first_name": "Алексей",
            "id": 324354843,
            "is_bot": false,
            "language_code": "ru",
            "last_name": "Романовский",
            "username": "AlekseyRomanovsky"
        },
        "message_id": 30,
        "text": "50"
    },
    "update_id": 339297881
}
2024-01-20 03:11:38,983 - Routes - INFO - Received:
{
    "message": {
        "chat": {
            "first_name": "Алексей",
            "id": 324354843,
            "last_name": "Романовский",
            "type": "private",
            "username": "AlekseyRomanovsky"
        },
        "date": 1705720064,
        "from": {
            "first_name": "Алексей",
            "id": 324354843,
            "is_bot": false,
            "language_code": "ru",
            "last_name": "Романовский",
            "username": "AlekseyRomanovsky"
        },
        "message_id": 30,
        "text": "50"
    },
    "update_id": 339297881
}
2024-01-20 03:11:41,137 - Routes - INFO - Received:
{
    "message": {
        "chat": {
            "first_name": "Алексей",
            "id": 324354843,
            "last_name": "Романовский",
            "type": "private",
            "username": "AlekseyRomanovsky"
        },
        "date": 1705720064,
        "from": {
            "first_name": "Алексей",
            "id": 324354843,
            "is_bot": false,
            "language_code": "ru",
            "last_name": "Романовский",
            "username": "AlekseyRomanovsky"
        },
        "message_id": 30,
        "text": "50"
    },
    "update_id": 339297881
}
2024-01-20 03:11:45,333 - Routes - INFO - Received:
{
    "message": {
        "chat": {
            "first_name": "Алексей",
            "id": 324354843,
            "last_name": "Романовский",
            "type": "private",
            "username": "AlekseyRomanovsky"
        },
        "date": 1705720064,
        "from": {
            "first_name": "Алексей",
            "id": 324354843,
            "is_bot": false,
            "language_code": "ru",
            "last_name": "Романовский",
            "username": "AlekseyRomanovsky"
        },
        "message_id": 30,
        "text": "50"
    },
    "update_id": 339297881
}
2024-01-20 03:11:53,536 - Routes - INFO - Received:
{
    "message": {
        "chat": {
            "first_name": "Алексей",
            "id": 324354843,
            "last_name": "Романовский",
            "type": "private",
            "username": "AlekseyRomanovsky"
        },
        "date": 1705720064,
        "from": {
            "first_name": "Алексей",
            "id": 324354843,
            "is_bot": false,
            "language_code": "ru",
            "last_name": "Романовский",
            "username": "AlekseyRomanovsky"
        },
        "message_id": 30,
        "text": "50"
    },
    "update_id": 339297881
}
2024-01-20 03:12:09,705 - Routes - INFO - Received:
{
    "message": {
        "chat": {
            "first_name": "Алексей",
            "id": 324354843,
            "last_name": "Романовский",
            "type": "private",
            "username": "AlekseyRomanovsky"
        },
        "date": 1705720064,
        "from": {
            "first_name": "Алексей",
            "id": 324354843,
            "is_bot": false,
            "language_code": "ru",
            "last_name": "Романовский",
            "username": "AlekseyRomanovsky"
        },
        "message_id": 30,
        "text": "50"
    },
    "update_id": 339297881
}
2024-01-20 03:12:41,868 - Routes - INFO - Received:
{
    "message": {
        "chat": {
            "first_name": "Алексей",
            "id": 324354843,
            "last_name": "Романовский",
            "type": "private",
            "username": "AlekseyRomanovsky"
        },
        "date": 1705720064,
        "from": {
            "first_name": "Алексей",
            "id": 324354843,
            "is_bot": false,
            "language_code": "ru",
            "last_name": "Романовский",
            "username": "AlekseyRomanovsky"
        },
        "message_id": 30,
        "text": "50"
    },
    "update_id": 339297881
}
2024-01-20 03:13:30,679 - Routes - INFO - Received:
{
    "message": {
        "chat": {
            "first_name": "Алексей",
            "id": 324354843,
            "last_name": "Романовский",
            "type": "private",
            "username": "AlekseyRomanovsky"
        },
        "date": 1705720064,
        "from": {
            "first_name": "Алексей",
            "id": 324354843,
            "is_bot": false,
            "language_code": "ru",
            "last_name": "Романовский",
            "username": "AlekseyRomanovsky"
        },
        "message_id": 30,
        "text": "50"
    },
    "update_id": 339297881
}
2024-01-20 03:13:30,780 - Routes - INFO - Received:
{
    "message": {
        "chat": {
            "first_name": "Алексей",
            "id": 324354843,
            "last_name": "Романовский",
            "type": "private",
            "username": "AlekseyRomanovsky"
        },
        "date": 1705720064,
        "from": {
            "first_name": "Алексей",
            "id": 324354843,
            "is_bot": false,
            "language_code": "ru",
            "last_name": "Романовский",
            "username": "AlekseyRomanovsky"
        },
        "message_id": 30,
        "text": "50"
    },
    "update_id": 339297881
}
2024-01-20 03:13:32,956 - Routes - INFO - Received:
{
    "message": {
        "chat": {
            "first_name": "Алексей",
            "id": 324354843,
            "last_name": "Романовский",
            "type": "private",
            "username": "AlekseyRomanovsky"
        },
        "date": 1705720064,
        "from": {
            "first_name": "Алексей",
            "id": 324354843,
            "is_bot": false,
            "language_code": "ru",
            "last_name": "Романовский",
            "username": "AlekseyRomanovsky"
        },
        "message_id": 30,
        "text": "50"
    },
    "update_id": 339297881
}
2024-01-20 03:13:37,155 - Routes - INFO - Received:
{
    "message": {
        "chat": {
            "first_name": "Алексей",
            "id": 324354843,
            "last_name": "Романовский",
            "type": "private",
            "username": "AlekseyRomanovsky"
        },
        "date": 1705720064,
        "from": {
            "first_name": "Алексей",
            "id": 324354843,
            "is_bot": false,
            "language_code": "ru",
            "last_name": "Романовский",
            "username": "AlekseyRomanovsky"
        },
        "message_id": 30,
        "text": "50"
    },
    "update_id": 339297881
}
2024-01-20 03:13:45,360 - Routes - INFO - Received:
{
    "message": {
        "chat": {
            "first_name": "Алексей",
            "id": 324354843,
            "last_name": "Романовский",
            "type": "private",
            "username": "AlekseyRomanovsky"
        },
        "date": 1705720064,
        "from": {
            "first_name": "Алексей",
            "id": 324354843,
            "is_bot": false,
            "language_code": "ru",
            "last_name": "Романовский",
            "username": "AlekseyRomanovsky"
        },
        "message_id": 30,
        "text": "50"
    },
    "update_id": 339297881
}
2024-01-20 03:14:01,496 - Routes - INFO - Received:
{
    "message": {
        "chat": {
            "first_name": "Алексей",
            "id": 324354843,
            "last_name": "Романовский",
            "type": "private",
            "username": "AlekseyRomanovsky"
        },
        "date": 1705720064,
        "from": {
            "first_name": "Алексей",
            "id": 324354843,
            "is_bot": false,
            "language_code": "ru",
            "last_name": "Романовский",
            "username": "AlekseyRomanovsky"
        },
        "message_id": 30,
        "text": "50"
    },
    "update_id": 339297881
}
2024-01-20 03:14:33,691 - Routes - INFO - Received:
{
    "message": {
        "chat": {
            "first_name": "Алексей",
            "id": 324354843,
            "last_name": "Романовский",
            "type": "private",
            "username": "AlekseyRomanovsky"
        },
        "date": 1705720064,
        "from": {
            "first_name": "Алексей",
            "id": 324354843,
            "is_bot": false,
            "language_code": "ru",
            "last_name": "Романовский",
            "username": "AlekseyRomanovsky"
        },
        "message_id": 30,
        "text": "50"
    },
    "update_id": 339297881
}
2024-01-20 03:14:58,271 - Routes - INFO - Received:
{
    "message": {
        "chat": {
            "first_name": "Алексей",
            "id": 324354843,
            "last_name": "Романовский",
            "type": "private",
            "username": "AlekseyRomanovsky"
        },
        "date": 1705720064,
        "from": {
            "first_name": "Алексей",
            "id": 324354843,
            "is_bot": false,
            "language_code": "ru",
            "last_name": "Романовский",
            "username": "AlekseyRomanovsky"
        },
        "message_id": 30,
        "text": "50"
    },
    "update_id": 339297881
}
2024-01-20 03:14:58,365 - Routes - INFO - Received:
{
    "message": {
        "chat": {
            "first_name": "Алексей",
            "id": 324354843,
            "last_name": "Романовский",
            "type": "private",
            "username": "AlekseyRomanovsky"
        },
        "date": 1705720064,
        "from": {
            "first_name": "Алексей",
            "id": 324354843,
            "is_bot": false,
            "language_code": "ru",
            "last_name": "Романовский",
            "username": "AlekseyRomanovsky"
        },
        "message_id": 30,
        "text": "50"
    },
    "update_id": 339297881
}
2024-01-20 03:15:00,509 - Routes - INFO - Received:
{
    "message": {
        "chat": {
            "first_name": "Алексей",
            "id": 324354843,
            "last_name": "Романовский",
            "type": "private",
            "username": "AlekseyRomanovsky"
        },
        "date": 1705720064,
        "from": {
            "first_name": "Алексей",
            "id": 324354843,
            "is_bot": false,
            "language_code": "ru",
            "last_name": "Романовский",
            "username": "AlekseyRomanovsky"
        },
        "message_id": 30,
        "text": "50"
    },
    "update_id": 339297881
}
2024-01-20 03:15:04,707 - Routes - INFO - Received:
{
    "message": {
        "chat": {
            "first_name": "Алексей",
            "id": 324354843,
            "last_name": "Романовский",
            "type": "private",
            "username": "AlekseyRomanovsky"
        },
        "date": 1705720064,
        "from": {
            "first_name": "Алексей",
            "id": 324354843,
            "is_bot": false,
            "language_code": "ru",
            "last_name": "Романовский",
            "username": "AlekseyRomanovsky"
        },
        "message_id": 30,
        "text": "50"
    },
    "update_id": 339297881
}
2024-01-20 03:15:12,898 - Routes - INFO - Received:
{
    "message": {
        "chat": {
            "first_name": "Алексей",
            "id": 324354843,
            "last_name": "Романовский",
            "type": "private",
            "username": "AlekseyRomanovsky"
        },
        "date": 1705720064,
        "from": {
            "first_name": "Алексей",
            "id": 324354843,
            "is_bot": false,
            "language_code": "ru",
            "last_name": "Романовский",
            "username": "AlekseyRomanovsky"
        },
        "message_id": 30,
        "text": "50"
    },
    "update_id": 339297881
}
2024-01-20 03:15:29,043 - Routes - INFO - Received:
{
    "message": {
        "chat": {
            "first_name": "Алексей",
            "id": 324354843,
            "last_name": "Романовский",
            "type": "private",
            "username": "AlekseyRomanovsky"
        },
        "date": 1705720064,
        "from": {
            "first_name": "Алексей",
            "id": 324354843,
            "is_bot": false,
            "language_code": "ru",
            "last_name": "Романовский",
            "username": "AlekseyRomanovsky"
        },
        "message_id": 30,
        "text": "50"
    },
    "update_id": 339297881
}
2024-01-20 03:15:59,098 - Routes - INFO - Received:
{
    "message": {
        "chat": {
            "first_name": "Алексей",
            "id": 324354843,
            "last_name": "Романовский",
            "type": "private",
            "username": "AlekseyRomanovsky"
        },
        "date": 1705720064,
        "from": {
            "first_name": "Алексей",
            "id": 324354843,
            "is_bot": false,
            "language_code": "ru",
            "last_name": "Романовский",
            "username": "AlekseyRomanovsky"
        },
        "message_id": 30,
        "text": "50"
    },
    "update_id": 339297881
}
2024-01-20 03:15:59,194 - Routes - INFO - Received:
{
    "message": {
        "chat": {
            "first_name": "Алексей",
            "id": 324354843,
            "last_name": "Романовский",
            "type": "private",
            "username": "AlekseyRomanovsky"
        },
        "date": 1705720070,
        "from": {
            "first_name": "Алексей",
            "id": 324354843,
            "is_bot": false,
            "language_code": "ru",
            "last_name": "Романовский",
            "username": "AlekseyRomanovsky"
        },
        "message_id": 31,
        "text": "tezt"
    },
    "update_id": 339297882
}
2024-01-20 03:16:08,109 - Routes - INFO - Received:
{
    "message": {
        "chat": {
            "first_name": "Алексей",
            "id": 324354843,
            "last_name": "Романовский",
            "type": "private",
            "username": "AlekseyRomanovsky"
        },
        "date": 1705720568,
        "entities": [
            {
                "length": 6,
                "offset": 0,
                "type": "bot_command"
            }
        ],
        "from": {
            "first_name": "Алексей",
            "id": 324354843,
            "is_bot": false,
            "language_code": "ru",
            "last_name": "Романовский",
            "username": "AlekseyRomanovsky"
        },
        "message_id": 32,
        "text": "/start"
    },
    "update_id": 339297883
}
2024-01-20 03:16:23,158 - Routes - INFO - Received:
{
    "message": {
        "chat": {
            "first_name": "Алексей",
            "id": 324354843,
            "last_name": "Романовский",
            "type": "private",
            "username": "AlekseyRomanovsky"
        },
        "date": 1705720583,
        "entities": [
            {
                "length": 6,
                "offset": 0,
                "type": "bot_command"
            }
        ],
        "from": {
            "first_name": "Алексей",
            "id": 324354843,
            "is_bot": false,
            "language_code": "ru",
            "last_name": "Романовский",
            "username": "AlekseyRomanovsky"
        },
        "message_id": 33,
        "text": "/start"
    },
    "update_id": 339297884
}
2024-01-20 03:16:27,958 - Routes - INFO - Received:
{
    "message": {
        "chat": {
            "first_name": "Алексей",
            "id": 324354843,
            "last_name": "Романовский",
            "type": "private",
            "username": "AlekseyRomanovsky"
        },
        "date": 1705720587,
        "from": {
            "first_name": "Алексей",
            "id": 324354843,
            "is_bot": false,
            "language_code": "ru",
            "last_name": "Романовский",
            "username": "AlekseyRomanovsky"
        },
        "message_id": 34,
        "text": "Jopa"
    },
    "update_id": 339297885
}
2024-01-20 03:16:44,389 - Routes - INFO - Received:
{
    "message": {
        "chat": {
            "first_name": "Алексей",
            "id": 324354843,
            "last_name": "Романовский",
            "type": "private",
            "username": "AlekseyRomanovsky"
        },
        "date": 1705720604,
        "entities": [
            {
                "length": 6,
                "offset": 0,
                "type": "bot_command"
            }
        ],
        "from": {
            "first_name": "Алексей",
            "id": 324354843,
            "is_bot": false,
            "language_code": "ru",
            "last_name": "Романовский",
            "username": "AlekseyRomanovsky"
        },
        "message_id": 35,
        "text": "/start"
    },
    "update_id": 339297886
}
2024-01-20 03:17:55,834 - Routes - INFO - Received:
{
    "message": {
        "chat": {
            "first_name": "Алексей",
            "id": 324354843,
            "last_name": "Романовский",
            "type": "private",
            "username": "AlekseyRomanovsky"
        },
        "date": 1705720675,
        "entities": [
            {
                "length": 6,
                "offset": 0,
                "type": "bot_command"
            }
        ],
        "from": {
            "first_name": "Алексей",
            "id": 324354843,
            "is_bot": false,
            "language_code": "ru",
            "last_name": "Романовский",
            "username": "AlekseyRomanovsky"
        },
        "message_id": 36,
        "text": "/start"
    },
    "update_id": 339297887
}
2024-01-20 03:18:21,324 - Routes - INFO - Received:
{
    "message": {
        "chat": {
            "first_name": "Алексей",
            "id": 324354843,
            "last_name": "Романовский",
            "type": "private",
            "username": "AlekseyRomanovsky"
        },
        "date": 1705720701,
        "entities": [
            {
                "length": 6,
                "offset": 0,
                "type": "bot_command"
            }
        ],
        "from": {
            "first_name": "Алексей",
            "id": 324354843,
            "is_bot": false,
            "language_code": "ru",
            "last_name": "Романовский",
            "username": "AlekseyRomanovsky"
        },
        "message_id": 37,
        "text": "/start"
    },
    "update_id": 339297888
}
2024-01-20 03:18:30,535 - Routes - INFO - Received:
{
    "message": {
        "chat": {
            "first_name": "Алексей",
            "id": 324354843,
            "last_name": "Романовский",
            "type": "private",
            "username": "AlekseyRomanovsky"
        },
        "date": 1705720710,
        "from": {
            "first_name": "Алексей",
            "id": 324354843,
            "is_bot": false,
            "language_code": "ru",
            "last_name": "Романовский",
            "username": "AlekseyRomanovsky"
        },
        "message_id": 38,
        "text": "Jopa"
    },
    "update_id": 339297889
}
2024-01-20 03:18:40,503 - Routes - INFO - Received:
{
    "message": {
        "chat": {
            "first_name": "Алексей",
            "id": 324354843,
            "last_name": "Романовский",
            "type": "private",
            "username": "AlekseyRomanovsky"
        },
        "date": 1705720720,
        "entities": [
            {
                "length": 6,
                "offset": 0,
                "type": "bot_command"
            }
        ],
        "from": {
            "first_name": "Алексей",
            "id": 324354843,
            "is_bot": false,
            "language_code": "ru",
            "last_name": "Романовский",
            "username": "AlekseyRomanovsky"
        },
        "message_id": 39,
        "text": "/start"
    },
    "update_id": 339297890
}
2024-01-20 03:18:50,817 - Routes - INFO - Received:
{
    "message": {
        "chat": {
            "first_name": "Алексей",
            "id": 324354843,
            "last_name": "Романовский",
            "type": "private",
            "username": "AlekseyRomanovsky"
        },
        "date": 1705720730,
        "entities": [
            {
                "length": 6,
                "offset": 0,
                "type": "bot_command"
            }
        ],
        "from": {
            "first_name": "Алексей",
            "id": 324354843,
            "is_bot": false,
            "language_code": "ru",
            "last_name": "Романовский",
            "username": "AlekseyRomanovsky"
        },
        "message_id": 40,
        "text": "/start"
    },
    "update_id": 339297891
}
2024-01-20 03:26:58,850 - Routes - INFO - Received:
{
    "message": {
        "chat": {
            "first_name": "Алексей",
            "id": 324354843,
            "last_name": "Романовский",
            "type": "private",
            "username": "AlekseyRomanovsky"
        },
        "date": 1705721218,
        "entities": [
            {
                "length": 6,
                "offset": 0,
                "type": "bot_command"
            }
        ],
        "from": {
            "first_name": "Алексей",
            "id": 324354843,
            "is_bot": false,
            "language_code": "ru",
            "last_name": "Романовский",
            "username": "AlekseyRomanovsky"
        },
        "message_id": 41,
        "text": "/start"
    },
    "update_id": 339297892
}
2024-01-20 03:29:25,925 - Routes - INFO - Received:
{
    "message": {
        "chat": {
            "first_name": "Алексей",
            "id": 324354843,
            "last_name": "Романовский",
            "type": "private",
            "username": "AlekseyRomanovsky"
        },
        "date": 1705721365,
        "entities": [
            {
                "length": 6,
                "offset": 0,
                "type": "bot_command"
            }
        ],
        "from": {
            "first_name": "Алексей",
            "id": 324354843,
            "is_bot": false,
            "language_code": "ru",
            "last_name": "Романовский",
            "username": "AlekseyRomanovsky"
        },
        "message_id": 42,
        "text": "/start"
    },
    "update_id": 339297893
}
2024-01-20 03:29:49,768 - Routes - INFO - Received:
{
    "message": {
        "chat": {
            "first_name": "Алексей",
            "id": 324354843,
            "last_name": "Романовский",
            "type": "private",
            "username": "AlekseyRomanovsky"
        },
        "date": 1705721389,
        "entities": [
            {
                "length": 6,
                "offset": 0,
                "type": "bot_command"
            }
        ],
        "from": {
            "first_name": "Алексей",
            "id": 324354843,
            "is_bot": false,
            "language_code": "ru",
            "last_name": "Романовский",
            "username": "AlekseyRomanovsky"
        },
        "message_id": 43,
        "text": "/start"
    },
    "update_id": 339297894
}
2024-01-20 03:31:04,613 - Routes - INFO - Received:
{
    "message": {
        "chat": {
            "first_name": "Алексей",
            "id": 324354843,
            "last_name": "Романовский",
            "type": "private",
            "username": "AlekseyRomanovsky"
        },
        "date": 1705721464,
        "entities": [
            {
                "length": 6,
                "offset": 0,
                "type": "bot_command"
            }
        ],
        "from": {
            "first_name": "Алексей",
            "id": 324354843,
            "is_bot": false,
            "language_code": "ru",
            "last_name": "Романовский",
            "username": "AlekseyRomanovsky"
        },
        "message_id": 44,
        "text": "/start"
    },
    "update_id": 339297895
}
2024-01-20 03:31:17,932 - Routes - INFO - Received:
{
    "message": {
        "chat": {
            "first_name": "Алексей",
            "id": 324354843,
            "last_name": "Романовский",
            "type": "private",
            "username": "AlekseyRomanovsky"
        },
        "date": 1705721477,
        "from": {
            "first_name": "Алексей",
            "id": 324354843,
            "is_bot": false,
            "language_code": "ru",
            "last_name": "Романовский",
            "username": "AlekseyRomanovsky"
        },
        "message_id": 46,
        "text": "Jopa"
    },
    "update_id": 339297896
}
2024-01-20 03:33:30,842 - Routes - INFO - Received:
{
    "message": {
        "chat": {
            "first_name": "Алексей",
            "id": 324354843,
            "last_name": "Романовский",
            "type": "private",
            "username": "AlekseyRomanovsky"
        },
        "date": 1705721610,
        "entities": [
            {
                "length": 6,
                "offset": 0,
                "type": "bot_command"
            }
        ],
        "from": {
            "first_name": "Алексей",
            "id": 324354843,
            "is_bot": false,
            "language_code": "ru",
            "last_name": "Романовский",
            "username": "AlekseyRomanovsky"
        },
        "message_id": 48,
        "text": "/start"
    },
    "update_id": 339297897
}
2024-01-20 03:51:36,692 - Routes - INFO - Received:
{
    "message": {
        "chat": {
            "first_name": "Алексей",
            "id": 324354843,
            "last_name": "Романовский",
            "type": "private",
            "username": "AlekseyRomanovsky"
        },
        "date": 1705722696,
        "entities": [
            {
                "length": 6,
                "offset": 0,
                "type": "bot_command"
            }
        ],
        "from": {
            "first_name": "Алексей",
            "id": 324354843,
            "is_bot": false,
            "language_code": "ru",
            "last_name": "Романовский",
            "username": "AlekseyRomanovsky"
        },
        "message_id": 50,
        "text": "/start"
    },
    "update_id": 339297898
}
2024-01-20 03:51:36,824 - Routes - INFO - Received:
{
    "message": {
        "chat": {
            "first_name": "Алексей",
            "id": 324354843,
            "last_name": "Романовский",
            "type": "private",
            "username": "AlekseyRomanovsky"
        },
        "date": 1705722696,
        "entities": [
            {
                "length": 6,
                "offset": 0,
                "type": "bot_command"
            }
        ],
        "from": {
            "first_name": "Алексей",
            "id": 324354843,
            "is_bot": false,
            "language_code": "ru",
            "last_name": "Романовский",
            "username": "AlekseyRomanovsky"
        },
        "message_id": 50,
        "text": "/start"
    },
    "update_id": 339297898
}
2024-01-20 03:51:39,031 - Routes - INFO - Received:
{
    "message": {
        "chat": {
            "first_name": "Алексей",
            "id": 324354843,
            "last_name": "Романовский",
            "type": "private",
            "username": "AlekseyRomanovsky"
        },
        "date": 1705722696,
        "entities": [
            {
                "length": 6,
                "offset": 0,
                "type": "bot_command"
            }
        ],
        "from": {
            "first_name": "Алексей",
            "id": 324354843,
            "is_bot": false,
            "language_code": "ru",
            "last_name": "Романовский",
            "username": "AlekseyRomanovsky"
        },
        "message_id": 50,
        "text": "/start"
    },
    "update_id": 339297898
}
2024-01-20 03:51:43,229 - Routes - INFO - Received:
{
    "message": {
        "chat": {
            "first_name": "Алексей",
            "id": 324354843,
            "last_name": "Романовский",
            "type": "private",
            "username": "AlekseyRomanovsky"
        },
        "date": 1705722696,
        "entities": [
            {
                "length": 6,
                "offset": 0,
                "type": "bot_command"
            }
        ],
        "from": {
            "first_name": "Алексей",
            "id": 324354843,
            "is_bot": false,
            "language_code": "ru",
            "last_name": "Романовский",
            "username": "AlekseyRomanovsky"
        },
        "message_id": 50,
        "text": "/start"
    },
    "update_id": 339297898
}
2024-01-20 03:51:51,437 - Routes - INFO - Received:
{
    "message": {
        "chat": {
            "first_name": "Алексей",
            "id": 324354843,
            "last_name": "Романовский",
            "type": "private",
            "username": "AlekseyRomanovsky"
        },
        "date": 1705722696,
        "entities": [
            {
                "length": 6,
                "offset": 0,
                "type": "bot_command"
            }
        ],
        "from": {
            "first_name": "Алексей",
            "id": 324354843,
            "is_bot": false,
            "language_code": "ru",
            "last_name": "Романовский",
            "username": "AlekseyRomanovsky"
        },
        "message_id": 50,
        "text": "/start"
    },
    "update_id": 339297898
}
2024-01-20 03:52:07,614 - Routes - INFO - Received:
{
    "message": {
        "chat": {
            "first_name": "Алексей",
            "id": 324354843,
            "last_name": "Романовский",
            "type": "private",
            "username": "AlekseyRomanovsky"
        },
        "date": 1705722696,
        "entities": [
            {
                "length": 6,
                "offset": 0,
                "type": "bot_command"
            }
        ],
        "from": {
            "first_name": "Алексей",
            "id": 324354843,
            "is_bot": false,
            "language_code": "ru",
            "last_name": "Романовский",
            "username": "AlekseyRomanovsky"
        },
        "message_id": 50,
        "text": "/start"
    },
    "update_id": 339297898
}
2024-01-20 03:52:39,752 - Routes - INFO - Received:
{
    "message": {
        "chat": {
            "first_name": "Алексей",
            "id": 324354843,
            "last_name": "Романовский",
            "type": "private",
            "username": "AlekseyRomanovsky"
        },
        "date": 1705722696,
        "entities": [
            {
                "length": 6,
                "offset": 0,
                "type": "bot_command"
            }
        ],
        "from": {
            "first_name": "Алексей",
            "id": 324354843,
            "is_bot": false,
            "language_code": "ru",
            "last_name": "Романовский",
            "username": "AlekseyRomanovsky"
        },
        "message_id": 50,
        "text": "/start"
    },
    "update_id": 339297898
}
2024-01-20 03:54:00,163 - Routes - INFO - Received:
{
    "message": {
        "chat": {
            "first_name": "Алексей",
            "id": 324354843,
            "last_name": "Романовский",
            "type": "private",
            "username": "AlekseyRomanovsky"
        },
        "date": 1705722696,
        "entities": [
            {
                "length": 6,
                "offset": 0,
                "type": "bot_command"
            }
        ],
        "from": {
            "first_name": "Алексей",
            "id": 324354843,
            "is_bot": false,
            "language_code": "ru",
            "last_name": "Романовский",
            "username": "AlekseyRomanovsky"
        },
        "message_id": 50,
        "text": "/start"
    },
    "update_id": 339297898
}
2024-01-20 03:54:03,825 - Routes - INFO - Received:
{
    "message": {
        "chat": {
            "first_name": "Алексей",
            "id": 324354843,
            "last_name": "Романовский",
            "type": "private",
            "username": "AlekseyRomanovsky"
        },
        "date": 1705722843,
        "entities": [
            {
                "length": 6,
                "offset": 0,
                "type": "bot_command"
            }
        ],
        "from": {
            "first_name": "Алексей",
            "id": 324354843,
            "is_bot": false,
            "language_code": "ru",
            "last_name": "Романовский",
            "username": "AlekseyRomanovsky"
        },
        "message_id": 52,
        "text": "/start"
    },
    "update_id": 339297899
}
2024-01-20 03:54:08,332 - Routes - INFO - Received:
{
    "message": {
        "chat": {
            "first_name": "Алексей",
            "id": 324354843,
            "last_name": "Романовский",
            "type": "private",
            "username": "AlekseyRomanovsky"
        },
        "date": 1705722848,
        "from": {
            "first_name": "Алексей",
            "id": 324354843,
            "is_bot": false,
            "language_code": "ru",
            "last_name": "Романовский",
            "username": "AlekseyRomanovsky"
        },
        "message_id": 54,
        "text": "Jopa"
    },
    "update_id": 339297900
}
2024-01-20 03:54:08,471 - Routes - INFO - Received:
{
    "message": {
        "chat": {
            "first_name": "Алексей",
            "id": 324354843,
            "last_name": "Романовский",
            "type": "private",
            "username": "AlekseyRomanovsky"
        },
        "date": 1705722848,
        "from": {
            "first_name": "Алексей",
            "id": 324354843,
            "is_bot": false,
            "language_code": "ru",
            "last_name": "Романовский",
            "username": "AlekseyRomanovsky"
        },
        "message_id": 54,
        "text": "Jopa"
    },
    "update_id": 339297900
}
2024-01-20 03:54:10,579 - Routes - INFO - Received:
{
    "message": {
        "chat": {
            "first_name": "Алексей",
            "id": 324354843,
            "last_name": "Романовский",
            "type": "private",
            "username": "AlekseyRomanovsky"
        },
        "date": 1705722848,
        "from": {
            "first_name": "Алексей",
            "id": 324354843,
            "is_bot": false,
            "language_code": "ru",
            "last_name": "Романовский",
            "username": "AlekseyRomanovsky"
        },
        "message_id": 54,
        "text": "Jopa"
    },
    "update_id": 339297900
}
2024-01-20 03:54:14,786 - Routes - INFO - Received:
{
    "message": {
        "chat": {
            "first_name": "Алексей",
            "id": 324354843,
            "last_name": "Романовский",
            "type": "private",
            "username": "AlekseyRomanovsky"
        },
        "date": 1705722848,
        "from": {
            "first_name": "Алексей",
            "id": 324354843,
            "is_bot": false,
            "language_code": "ru",
            "last_name": "Романовский",
            "username": "AlekseyRomanovsky"
        },
        "message_id": 54,
        "text": "Jopa"
    },
    "update_id": 339297900
}
2024-01-20 03:54:22,974 - Routes - INFO - Received:
{
    "message": {
        "chat": {
            "first_name": "Алексей",
            "id": 324354843,
            "last_name": "Романовский",
            "type": "private",
            "username": "AlekseyRomanovsky"
        },
        "date": 1705722848,
        "from": {
            "first_name": "Алексей",
            "id": 324354843,
            "is_bot": false,
            "language_code": "ru",
            "last_name": "Романовский",
            "username": "AlekseyRomanovsky"
        },
        "message_id": 54,
        "text": "Jopa"
    },
    "update_id": 339297900
}
2024-01-20 03:54:39,152 - Routes - INFO - Received:
{
    "message": {
        "chat": {
            "first_name": "Алексей",
            "id": 324354843,
            "last_name": "Романовский",
            "type": "private",
            "username": "AlekseyRomanovsky"
        },
        "date": 1705722848,
        "from": {
            "first_name": "Алексей",
            "id": 324354843,
            "is_bot": false,
            "language_code": "ru",
            "last_name": "Романовский",
            "username": "AlekseyRomanovsky"
        },
        "message_id": 54,
        "text": "Jopa"
    },
    "update_id": 339297900
}
2024-01-20 03:55:12,621 - Routes - INFO - Received:
{
    "message": {
        "chat": {
            "first_name": "Алексей",
            "id": 324354843,
            "last_name": "Романовский",
            "type": "private",
            "username": "AlekseyRomanovsky"
        },
        "date": 1705722848,
        "from": {
            "first_name": "Алексей",
            "id": 324354843,
            "is_bot": false,
            "language_code": "ru",
            "last_name": "Романовский",
            "username": "AlekseyRomanovsky"
        },
        "message_id": 54,
        "text": "Jopa"
    },
    "update_id": 339297900
}
2024-01-20 03:55:15,093 - Routes - INFO - Received:
{
    "message": {
        "chat": {
            "first_name": "Алексей",
            "id": 324354843,
            "last_name": "Романовский",
            "type": "private",
            "username": "AlekseyRomanovsky"
        },
        "date": 1705722915,
        "entities": [
            {
                "length": 6,
                "offset": 0,
                "type": "bot_command"
            }
        ],
        "from": {
            "first_name": "Алексей",
            "id": 324354843,
            "is_bot": false,
            "language_code": "ru",
            "last_name": "Романовский",
            "username": "AlekseyRomanovsky"
        },
        "message_id": 56,
        "text": "/start"
    },
    "update_id": 339297901
}
2024-01-20 03:55:18,578 - Routes - INFO - Received:
{
    "message": {
        "chat": {
            "first_name": "Алексей",
            "id": 324354843,
            "last_name": "Романовский",
            "type": "private",
            "username": "AlekseyRomanovsky"
        },
        "date": 1705722918,
        "from": {
            "first_name": "Алексей",
            "id": 324354843,
            "is_bot": false,
            "language_code": "ru",
            "last_name": "Романовский",
            "username": "AlekseyRomanovsky"
        },
        "message_id": 58,
        "text": "jopa"
    },
    "update_id": 339297902
}
2024-01-20 03:59:10,827 - Routes - INFO - Received:
{
    "message": {
        "chat": {
            "first_name": "Алексей",
            "id": 324354843,
            "last_name": "Романовский",
            "type": "private",
            "username": "AlekseyRomanovsky"
        },
        "date": 1705723150,
        "entities": [
            {
                "length": 6,
                "offset": 0,
                "type": "bot_command"
            }
        ],
        "from": {
            "first_name": "Алексей",
            "id": 324354843,
            "is_bot": false,
            "language_code": "ru",
            "last_name": "Романовский",
            "username": "AlekseyRomanovsky"
        },
        "message_id": 60,
        "text": "/start"
    },
    "update_id": 339297903
}
